<?xml version="1.0" encoding="UTF-8"?>
<coverage generated="1639747571307" clover="3.2.0">
  <project timestamp="1639747571307" name="All files">
    <metrics statements="29" coveredstatements="25" conditionals="2" coveredconditionals="0" methods="14" coveredmethods="10" elements="45" coveredelements="35" complexity="0" loc="29" ncloc="29" packages="1" files="1" classes="1"/>
    <file name="index.js" path="/home/fabianofrank/Documents/todo-app/__mock__/index.js">
      <metrics statements="29" coveredstatements="25" conditionals="2" coveredconditionals="0" methods="14" coveredmethods="10"/>
      <line num="2" count="2" type="stmt"/>
      <line num="17" count="2" type="stmt"/>
      <line num="21" count="1" type="stmt"/>
      <line num="22" count="1" type="stmt"/>
      <line num="23" count="1" type="stmt"/>
      <line num="24" count="1" type="stmt"/>
      <line num="28" count="2" type="stmt"/>
      <line num="29" count="1" type="stmt"/>
      <line num="30" count="1" type="stmt"/>
      <line num="33" count="2" type="stmt"/>
      <line num="34" count="1" type="stmt"/>
      <line num="35" count="1" type="stmt"/>
      <line num="38" count="2" type="stmt"/>
      <line num="39" count="1" type="stmt"/>
      <line num="42" count="2" type="stmt"/>
      <line num="43" count="1" type="stmt"/>
      <line num="48" count="2" type="stmt"/>
      <line num="52" count="0" type="stmt"/>
      <line num="56" count="0" type="cond" truecount="0" falsecount="2"/>
      <line num="60" count="0" type="stmt"/>
      <line num="64" count="0" type="stmt"/>
      <line num="68" count="2" type="stmt"/>
      <line num="70" count="2" type="stmt"/>
      <line num="71" count="2" type="stmt"/>
      <line num="73" count="2" type="stmt"/>
      <line num="74" count="2" type="stmt"/>
      <line num="75" count="1" type="stmt"/>
      <line num="76" count="1" type="stmt"/>
      <line num="77" count="1" type="stmt"/>
    </file>
  </project>
</coverage>
