{"/home/fabianofrank/Documents/todo-app/__mock__/index.js": {"path":"/home/fabianofrank/Documents/todo-app/__mock__/index.js","statementMap":{"0":{"start":{"line":2,"column":12},"end":{"line":15,"column":1}},"1":{"start":{"line":17,"column":14},"end":{"line":17,"column":27}},"2":{"start":{"line":21,"column":4},"end":{"line":21,"column":35}},"3":{"start":{"line":22,"column":4},"end":{"line":22,"column":27}},"4":{"start":{"line":23,"column":4},"end":{"line":23,"column":23}},"5":{"start":{"line":24,"column":4},"end":{"line":24,"column":35}},"6":{"start":{"line":28,"column":16},"end":{"line":31,"column":1}},"7":{"start":{"line":29,"column":15},"end":{"line":29,"column":56}},"8":{"start":{"line":30,"column":2},"end":{"line":30,"column":19}},"9":{"start":{"line":33,"column":19},"end":{"line":36,"column":1}},"10":{"start":{"line":34,"column":19},"end":{"line":34,"column":30}},"11":{"start":{"line":35,"column":2},"end":{"line":35,"column":18}},"12":{"start":{"line":38,"column":17},"end":{"line":40,"column":1}},"13":{"start":{"line":39,"column":2},"end":{"line":39,"column":27}},"14":{"start":{"line":42,"column":18},"end":{"line":44,"column":1}},"15":{"start":{"line":43,"column":2},"end":{"line":43,"column":35}},"16":{"start":{"line":48,"column":4},"end":{"line":48,"column":20}},"17":{"start":{"line":52,"column":4},"end":{"line":52,"column":20}},"18":{"start":{"line":56,"column":4},"end":{"line":56,"column":35}},"19":{"start":{"line":60,"column":4},"end":{"line":60,"column":36}},"20":{"start":{"line":64,"column":4},"end":{"line":64,"column":27}},"21":{"start":{"line":68,"column":0},"end":{"line":68,"column":45}},"22":{"start":{"line":70,"column":18},"end":{"line":70,"column":91}},"23":{"start":{"line":70,"column":29},"end":{"line":70,"column":91}},"24":{"start":{"line":71,"column":18},"end":{"line":71,"column":75}},"25":{"start":{"line":71,"column":24},"end":{"line":71,"column":75}},"26":{"start":{"line":73,"column":19},"end":{"line":78,"column":1}},"27":{"start":{"line":74,"column":19},"end":{"line":74,"column":60}},"28":{"start":{"line":74,"column":43},"end":{"line":74,"column":58}},"29":{"start":{"line":75,"column":2},"end":{"line":75,"column":22}},"30":{"start":{"line":76,"column":2},"end":{"line":76,"column":22}},"31":{"start":{"line":77,"column":2},"end":{"line":77,"column":15}}},"fnMap":{"0":{"name":"(anonymous_0)","decl":{"start":{"line":20,"column":2},"end":{"line":20,"column":3}},"loc":{"start":{"line":20,"column":34},"end":{"line":25,"column":3}},"line":20},"1":{"name":"(anonymous_1)","decl":{"start":{"line":28,"column":16},"end":{"line":28,"column":17}},"loc":{"start":{"line":28,"column":26},"end":{"line":31,"column":1}},"line":28},"2":{"name":"(anonymous_2)","decl":{"start":{"line":33,"column":19},"end":{"line":33,"column":20}},"loc":{"start":{"line":33,"column":25},"end":{"line":36,"column":1}},"line":33},"3":{"name":"(anonymous_3)","decl":{"start":{"line":38,"column":17},"end":{"line":38,"column":18}},"loc":{"start":{"line":38,"column":27},"end":{"line":40,"column":1}},"line":38},"4":{"name":"(anonymous_4)","decl":{"start":{"line":42,"column":18},"end":{"line":42,"column":19}},"loc":{"start":{"line":42,"column":28},"end":{"line":44,"column":1}},"line":42},"5":{"name":"(anonymous_5)","decl":{"start":{"line":47,"column":2},"end":{"line":47,"column":3}},"loc":{"start":{"line":47,"column":16},"end":{"line":49,"column":3}},"line":47},"6":{"name":"(anonymous_6)","decl":{"start":{"line":51,"column":2},"end":{"line":51,"column":3}},"loc":{"start":{"line":51,"column":10},"end":{"line":53,"column":3}},"line":51},"7":{"name":"(anonymous_7)","decl":{"start":{"line":55,"column":2},"end":{"line":55,"column":3}},"loc":{"start":{"line":55,"column":15},"end":{"line":57,"column":3}},"line":55},"8":{"name":"(anonymous_8)","decl":{"start":{"line":59,"column":2},"end":{"line":59,"column":3}},"loc":{"start":{"line":59,"column":22},"end":{"line":61,"column":3}},"line":59},"9":{"name":"(anonymous_9)","decl":{"start":{"line":63,"column":2},"end":{"line":63,"column":3}},"loc":{"start":{"line":63,"column":18},"end":{"line":65,"column":3}},"line":63},"10":{"name":"(anonymous_10)","decl":{"start":{"line":70,"column":18},"end":{"line":70,"column":19}},"loc":{"start":{"line":70,"column":29},"end":{"line":70,"column":91}},"line":70},"11":{"name":"(anonymous_11)","decl":{"start":{"line":71,"column":18},"end":{"line":71,"column":19}},"loc":{"start":{"line":71,"column":24},"end":{"line":71,"column":75}},"line":71},"12":{"name":"(anonymous_12)","decl":{"start":{"line":73,"column":19},"end":{"line":73,"column":20}},"loc":{"start":{"line":73,"column":30},"end":{"line":78,"column":1}},"line":73},"13":{"name":"(anonymous_13)","decl":{"start":{"line":74,"column":32},"end":{"line":74,"column":33}},"loc":{"start":{"line":74,"column":43},"end":{"line":74,"column":58}},"line":74}},"branchMap":{"0":{"loc":{"start":{"line":56,"column":11},"end":{"line":56,"column":34}},"type":"binary-expr","locations":[{"start":{"line":56,"column":11},"end":{"line":56,"column":26}},{"start":{"line":56,"column":30},"end":{"line":56,"column":34}}],"line":56}},"s":{"0":2,"1":2,"2":1,"3":1,"4":1,"5":1,"6":2,"7":1,"8":1,"9":2,"10":1,"11":1,"12":2,"13":1,"14":2,"15":1,"16":2,"17":0,"18":0,"19":0,"20":0,"21":2,"22":2,"23":1,"24":2,"25":1,"26":2,"27":1,"28":2,"29":1,"30":1,"31":1},"f":{"0":1,"1":1,"2":1,"3":1,"4":1,"5":2,"6":0,"7":0,"8":0,"9":0,"10":1,"11":1,"12":1,"13":2},"b":{"0":[0,0]},"_coverageSchema":"1a1c01bbd47fc00a2c39e90264f33305004495a9","hash":"7602e1948f9083a7b9bd04df9a1fa824e95baedf"}
}
