TN:
SF:__mock__/index.js
FN:20,(anonymous_0)
FN:28,(anonymous_1)
FN:33,(anonymous_2)
FN:38,(anonymous_3)
FN:42,(anonymous_4)
FN:47,(anonymous_5)
FN:51,(anonymous_6)
FN:55,(anonymous_7)
FN:59,(anonymous_8)
FN:63,(anonymous_9)
FN:70,(anonymous_10)
FN:71,(anonymous_11)
FN:73,(anonymous_12)
FN:74,(anonymous_13)
FNF:14
FNH:10
FNDA:1,(anonymous_0)
FNDA:1,(anonymous_1)
FNDA:1,(anonymous_2)
FNDA:1,(anonymous_3)
FNDA:1,(anonymous_4)
FNDA:2,(anonymous_5)
FNDA:0,(anonymous_6)
FNDA:0,(anonymous_7)
FNDA:0,(anonymous_8)
FNDA:0,(anonymous_9)
FNDA:1,(anonymous_10)
FNDA:1,(anonymous_11)
FNDA:1,(anonymous_12)
FNDA:2,(anonymous_13)
DA:2,2
DA:17,2
DA:21,1
DA:22,1
DA:23,1
DA:24,1
DA:28,2
DA:29,1
DA:30,1
DA:33,2
DA:34,1
DA:35,1
DA:38,2
DA:39,1
DA:42,2
DA:43,1
DA:48,2
DA:52,0
DA:56,0
DA:60,0
DA:64,0
DA:68,2
DA:70,2
DA:71,2
DA:73,2
DA:74,2
DA:75,1
DA:76,1
DA:77,1
LF:29
LH:25
BRDA:56,0,0,0
BRDA:56,0,1,0
BRF:2
BRH:0
end_of_record
